<?xml version="1.0" encoding="UTF-8"?>
<!-- Generated by org.testng.reporters.JUnitReportReporter -->
<testsuite hostname="DESKTOP-AN9RSKU" failures="0" tests="2" name="tests.day16.C01_DriverIlkTest" time="13.833" errors="0" timestamp="2022-06-17T16:03:31 TRT" skipped="0">
  <testcase classname="tests.day16.C01_DriverIlkTest" name="test02" time="4.088"/>
  <system-out/>
  <testcase classname="tests.day16.C01_DriverIlkTest" name="test01" time="9.745"/>
  <system-out/>
</testsuite> <!-- tests.day16.C01_DriverIlkTest -->
