<?xml version="1.0" encoding="UTF-8"?>
<!-- Generated by org.testng.reporters.JUnitReportReporter -->
<testsuite hostname="DESKTOP-AN9RSKU" failures="0" tests="1" name="tests.practice.P1_DemoGuruTest" time="13.256" errors="0" timestamp="2022-06-17T16:03:31 TRT" skipped="0">
  <testcase classname="tests.practice.P1_DemoGuruTest" name="test" time="13.256"/>
  <system-out/>
</testsuite> <!-- tests.practice.P1_DemoGuruTest -->
