<?xml version="1.0" encoding="UTF-8"?>
<!-- Generated by org.testng.reporters.JUnitReportReporter -->
<testsuite hostname="DESKTOP-AN9RSKU" failures="0" tests="3" name="tests.smokeTest.NegativeLoginTest" time="28.176" errors="0" timestamp="2022-06-17T16:03:31 TRT" skipped="0">
  <testcase classname="tests.smokeTest.NegativeLoginTest" name="yanlisSifreUsernameTesti" time="8.189"/>
  <system-out/>
  <testcase classname="tests.smokeTest.NegativeLoginTest" name="yanlisUsernameTesti" time="8.226"/>
  <system-out/>
  <testcase classname="tests.smokeTest.NegativeLoginTest" name="yanlisSifreTesti" time="11.761"/>
  <system-out/>
</testsuite> <!-- tests.smokeTest.NegativeLoginTest -->
